This file contains any messages produced by compilers while
running configure, to aid debugging if configure makes a mistake.

It was created by bobpp configure 0.3.0, which was
generated by GNU Autoconf 2.68.  Invocation command line was

  $ ./configure 

## --------- ##
## Platform. ##
## --------- ##

hostname = liuleideMBP.lan
uname -m = x86_64
uname -r = 16.5.0
uname -s = Darwin
uname -v = Darwin Kernel Version 16.5.0: Fri Mar  3 16:52:33 PST 2017; root:xnu-3789.51.2~3/RELEASE_X86_64

/usr/bin/uname -p = i386
/bin/uname -X     = unknown

/bin/arch              = unknown
/usr/bin/arch -k       = unknown
/usr/convex/getsysinfo = unknown
/usr/bin/hostinfo      = Mach kernel version:
	 Darwin Kernel Version 16.5.0: Fri Mar  3 16:52:33 PST 2017; root:xnu-3789.51.2~3/RELEASE_X86_64
Kernel configured for up to 4 processors.
2 processors are physically available.
4 processors are logically available.
Processor type: x86_64h (Intel x86-64h Haswell)
Processors active: 0 1 2 3
Primary memory available: 8.00 gigabytes
Default processor set: 312 tasks, 1374 threads, 4 processors
Load average: 2.16, Mach factor: 1.83
/bin/machine           = unknown
/usr/bin/oslevel       = unknown
/bin/universe          = unknown

PATH: /opt/local/bin
PATH: /opt/local/sbin
PATH: /opt/anaconda3/bin
PATH: /opt/anaconda3/condabin
PATH: /usr/local/bin
PATH: /usr/bin
PATH: /bin
PATH: /usr/sbin
PATH: /sbin
PATH: /opt/local/bin
PATH: /usr/local/git/bin
PATH: /usr/texbin


## ----------- ##
## Core tests. ##
## ----------- ##

configure:2683: checking build system type
configure:2697: result: x86_64-apple-darwin16.5.0
configure:2717: checking host system type
configure:2730: result: x86_64-apple-darwin16.5.0
configure:3099: checking how to print strings
configure:3126: result: printf
configure:3195: checking for gcc
configure:3211: found /usr/bin/gcc
configure:3222: result: gcc
configure:3451: checking for C compiler version
configure:3460: gcc --version >&5
Apple LLVM version 9.0.0 (clang-900.0.39.2)
Target: x86_64-apple-darwin16.5.0
Thread model: posix
InstalledDir: /Library/Developer/CommandLineTools/usr/bin
Configured with: --prefix=/Library/Developer/CommandLineTools/usr --with-gxx-include-dir=/usr/include/c++/4.2.1
configure:3471: $? = 0
configure:3460: gcc -v >&5
Configured with: --prefix=/Library/Developer/CommandLineTools/usr --with-gxx-include-dir=/usr/include/c++/4.2.1
Apple LLVM version 9.0.0 (clang-900.0.39.2)
Target: x86_64-apple-darwin16.5.0
Thread model: posix
InstalledDir: /Library/Developer/CommandLineTools/usr/bin
configure:3471: $? = 0
configure:3460: gcc -V >&5
clang: error: argument to '-V' is missing (expected 1 value)
clang: error: no input files
configure:3471: $? = 1
configure:3460: gcc -qversion >&5
clang: error: unknown argument: '-qversion'
clang: error: no input files
configure:3471: $? = 1
configure:3491: checking whether the C compiler works
configure:3513: gcc    conftest.c  >&5
configure:3517: $? = 0
configure:3565: result: yes
configure:3568: checking for C compiler default output file name
configure:3570: result: a.out
configure:3576: checking for suffix of executables
configure:3583: gcc -o conftest    conftest.c  >&5
configure:3587: $? = 0
configure:3609: result: 
configure:3631: checking whether we are cross compiling
configure:3639: gcc -o conftest    conftest.c  >&5
configure:3643: $? = 0
configure:3650: ./conftest
configure:3654: $? = 0
configure:3669: result: no
configure:3674: checking for suffix of object files
configure:3696: gcc -c   conftest.c >&5
configure:3700: $? = 0
configure:3721: result: o
configure:3725: checking whether we are using the GNU C compiler
configure:3744: gcc -c   conftest.c >&5
configure:3744: $? = 0
configure:3753: result: yes
configure:3762: checking whether gcc accepts -g
configure:3782: gcc -c -g  conftest.c >&5
configure:3782: $? = 0
configure:3823: result: yes
configure:3840: checking for gcc option to accept ISO C89
configure:3904: gcc  -c -g -O2  conftest.c >&5
configure:3904: $? = 0
configure:3917: result: none needed
configure:3937: checking for a sed that does not truncate output
configure:4001: result: /usr/bin/sed
configure:4019: checking for grep that handles long lines and -e
configure:4077: result: /usr/bin/grep
configure:4082: checking for egrep
configure:4144: result: /usr/bin/grep -E
configure:4149: checking for fgrep
configure:4211: result: /usr/bin/grep -F
configure:4246: checking for ld used by gcc
configure:4313: result: /Library/Developer/CommandLineTools/usr/bin/ld
configure:4320: checking if the linker (/Library/Developer/CommandLineTools/usr/bin/ld) is GNU ld
configure:4335: result: no
configure:4347: checking for BSD- or MS-compatible name lister (nm)
configure:4396: result: /usr/bin/nm -B
configure:4526: checking the name lister (/usr/bin/nm -B) interface
configure:4533: gcc -c -g -O2  conftest.c >&5
configure:4536: /usr/bin/nm -B "conftest.o"
configure:4539: output
0000000000000204 S _some_variable
configure:4546: result: BSD nm
configure:4549: checking whether ln -s works
configure:4553: result: yes
configure:4561: checking the maximum length of command line arguments
configure:4691: result: 196608
configure:4708: checking whether the shell understands some XSI constructs
configure:4718: result: yes
configure:4722: checking whether the shell understands "+="
configure:4728: result: yes
configure:4763: checking how to convert x86_64-apple-darwin16.5.0 file names to x86_64-apple-darwin16.5.0 format
configure:4803: result: func_convert_file_noop
configure:4810: checking how to convert x86_64-apple-darwin16.5.0 file names to toolchain format
configure:4830: result: func_convert_file_noop
configure:4837: checking for /Library/Developer/CommandLineTools/usr/bin/ld option to reload object files
configure:4844: result: -r
configure:4918: checking for objdump
configure:4945: result: objdump
configure:4974: checking how to recognize dependent libraries
configure:5176: result: pass_all
configure:5261: checking for dlltool
configure:5288: result: dlltool
configure:5318: checking how to associate runtime and link libraries
configure:5345: result: printf %s\n
configure:5406: checking for ar
configure:5422: found /usr/bin/ar
configure:5433: result: ar
configure:5470: checking for archiver @FILE support
configure:5487: gcc -c -g -O2  conftest.c >&5
configure:5487: $? = 0
configure:5490: ar cru libconftest.a @conftest.lst >&5
ar: @conftest.lst: No such file or directory
configure:5493: $? = 1
configure:5513: result: no
configure:5571: checking for strip
configure:5587: found /usr/bin/strip
configure:5598: result: strip
configure:5670: checking for ranlib
configure:5686: found /usr/bin/ranlib
configure:5697: result: ranlib
configure:5774: checking for gawk
configure:5804: result: no
configure:5774: checking for mawk
configure:5804: result: no
configure:5774: checking for nawk
configure:5804: result: no
configure:5774: checking for awk
configure:5790: found /usr/bin/awk
configure:5801: result: awk
configure:5841: checking command to parse /usr/bin/nm -B output from gcc object
configure:5961: gcc -c -g -O2  conftest.c >&5
configure:5964: $? = 0
configure:5968: /usr/bin/nm -B conftest.o \| sed -n -e 's/^.*[ ]\([BCDEGRST][BCDEGRST]*\)[ ][ ]*\([_A-Za-z][_A-Za-z0-9]*\)$/\1 \2 \2/p' | sed '/ __gnu_lto/d' \> conftest.nm
configure:5971: $? = 0
cannot find nm_test_var in conftest.nm
configure:5961: gcc -c -g -O2  conftest.c >&5
configure:5964: $? = 0
configure:5968: /usr/bin/nm -B conftest.o \| sed -n -e 's/^.*[ ]\([BCDEGRST][BCDEGRST]*\)[ ][ ]*_\([_A-Za-z][_A-Za-z0-9]*\)$/\1 _\2 \2/p' | sed '/ __gnu_lto/d' \> conftest.nm
configure:5971: $? = 0
configure:6037: gcc -o conftest -g -O2   conftest.c conftstm.o >&5
warning: (x86_64)  could not find object file symbol for symbol _main
configure:6040: $? = 0
configure:6078: result: ok
configure:6115: checking for sysroot
configure:6145: result: no
configure:6401: checking for mt
configure:6431: result: no
configure:6451: checking if : is a manifest tool
configure:6457: : '-?'
configure:6465: result: no
configure:6521: checking for dsymutil
configure:6537: found /usr/bin/dsymutil
configure:6548: result: dsymutil
configure:6613: checking for nmedit
configure:6629: found /usr/bin/nmedit
configure:6640: result: nmedit
configure:6705: checking for lipo
configure:6721: found /usr/bin/lipo
configure:6732: result: lipo
configure:6797: checking for otool
configure:6813: found /usr/bin/otool
configure:6824: result: otool
configure:6889: checking for otool64
configure:6919: result: no
configure:6964: checking for -single_module linker flag
gcc -g -O2  -o libconftest.dylib -dynamiclib -Wl,-single_module conftest.c
configure:6997: result: yes
configure:7000: checking for -exported_symbols_list linker flag
configure:7020: gcc -o conftest -g -O2   -Wl,-exported_symbols_list,conftest.sym conftest.c  >&5
configure:7020: $? = 0
configure:7030: result: yes
configure:7033: checking for -force_load linker flag
gcc -g -O2 -c -o conftest.o conftest.c
ar cru libconftest.a conftest.o
ranlib libconftest.a
gcc -g -O2  -o conftest conftest.c -Wl,-force_load,./libconftest.a
configure:7065: result: yes
configure:7107: checking how to run the C preprocessor
configure:7138: gcc -E  conftest.c
configure:7138: $? = 0
configure:7152: gcc -E  conftest.c
conftest.c:9:10: fatal error: 'ac_nonexistent.h' file not found
#include <ac_nonexistent.h>
         ^~~~~~~~~~~~~~~~~~
1 error generated.
configure:7152: $? = 1
configure: failed program was:
| /* confdefs.h */
| #define PACKAGE_NAME "bobpp"
| #define PACKAGE_TARNAME "bobpp"
| #define PACKAGE_VERSION "0.3.0"
| #define PACKAGE_STRING "bobpp 0.3.0"
| #define PACKAGE_BUGREPORT "Bertrand.Lecun@prism.uvsq.fr"
| #define PACKAGE_URL ""
| /* end confdefs.h.  */
| #include <ac_nonexistent.h>
configure:7177: result: gcc -E
configure:7197: gcc -E  conftest.c
configure:7197: $? = 0
configure:7211: gcc -E  conftest.c
conftest.c:9:10: fatal error: 'ac_nonexistent.h' file not found
#include <ac_nonexistent.h>
         ^~~~~~~~~~~~~~~~~~
1 error generated.
configure:7211: $? = 1
configure: failed program was:
| /* confdefs.h */
| #define PACKAGE_NAME "bobpp"
| #define PACKAGE_TARNAME "bobpp"
| #define PACKAGE_VERSION "0.3.0"
| #define PACKAGE_STRING "bobpp 0.3.0"
| #define PACKAGE_BUGREPORT "Bertrand.Lecun@prism.uvsq.fr"
| #define PACKAGE_URL ""
| /* end confdefs.h.  */
| #include <ac_nonexistent.h>
configure:7240: checking for ANSI C header files
configure:7260: gcc -c -g -O2  conftest.c >&5
configure:7260: $? = 0
configure:7333: gcc -o conftest -g -O2   conftest.c  >&5
configure:7333: $? = 0
configure:7333: ./conftest
configure:7333: $? = 0
configure:7344: result: yes
configure:7357: checking for sys/types.h
configure:7357: gcc -c -g -O2  conftest.c >&5
configure:7357: $? = 0
configure:7357: result: yes
configure:7357: checking for sys/stat.h
configure:7357: gcc -c -g -O2  conftest.c >&5
configure:7357: $? = 0
configure:7357: result: yes
configure:7357: checking for stdlib.h
configure:7357: gcc -c -g -O2  conftest.c >&5
configure:7357: $? = 0
configure:7357: result: yes
configure:7357: checking for string.h
configure:7357: gcc -c -g -O2  conftest.c >&5
configure:7357: $? = 0
configure:7357: result: yes
configure:7357: checking for memory.h
configure:7357: gcc -c -g -O2  conftest.c >&5
configure:7357: $? = 0
configure:7357: result: yes
configure:7357: checking for strings.h
configure:7357: gcc -c -g -O2  conftest.c >&5
configure:7357: $? = 0
configure:7357: result: yes
configure:7357: checking for inttypes.h
configure:7357: gcc -c -g -O2  conftest.c >&5
configure:7357: $? = 0
configure:7357: result: yes
configure:7357: checking for stdint.h
configure:7357: gcc -c -g -O2  conftest.c >&5
configure:7357: $? = 0
configure:7357: result: yes
configure:7357: checking for unistd.h
configure:7357: gcc -c -g -O2  conftest.c >&5
configure:7357: $? = 0
configure:7357: result: yes
configure:7371: checking for dlfcn.h
configure:7371: gcc -c -g -O2  conftest.c >&5
configure:7371: $? = 0
configure:7371: result: yes
configure:7575: checking for objdir
configure:7590: result: .libs
configure:7857: checking if gcc supports -fno-rtti -fno-exceptions
configure:7875: gcc -c -g -O2  -fno-rtti -fno-exceptions conftest.c >&5
configure:7879: $? = 0
configure:7892: result: yes
configure:8219: checking for gcc option to produce PIC
configure:8226: result: -fno-common -DPIC
configure:8234: checking if gcc PIC flag -fno-common -DPIC works
configure:8252: gcc -c -g -O2  -fno-common -DPIC -DPIC conftest.c >&5
configure:8256: $? = 0
configure:8269: result: yes
configure:8298: checking if gcc static flag -static works
configure:8326: result: no
configure:8341: checking if gcc supports -c -o file.o
configure:8362: gcc -c -g -O2  -o out/conftest2.o conftest.c >&5
configure:8366: $? = 0
configure:8388: result: yes
configure:8396: checking if gcc supports -c -o file.o
configure:8443: result: yes
configure:8476: checking whether the gcc linker (/Library/Developer/CommandLineTools/usr/bin/ld) supports shared libraries
configure:9629: result: yes
configure:9869: checking dynamic linker characteristics
configure:10602: result: darwin16.5.0 dyld
configure:10709: checking how to hardcode library paths into programs
configure:10734: result: immediate
configure:11274: checking whether stripping libraries is possible
configure:11288: result: yes
configure:11314: checking if libtool supports shared libraries
configure:11316: result: yes
configure:11319: checking whether to build shared libraries
configure:11340: result: yes
configure:11343: checking whether to build static libraries
configure:11347: result: yes
configure:11401: checking for a BSD-compatible install
configure:11469: result: /usr/bin/install -c
configure:11480: checking whether build environment is sane
configure:11530: result: yes
configure:11671: checking for a thread-safe mkdir -p
configure:11710: result: ./install-sh -c -d
configure:11719: checking whether make sets $(MAKE)
configure:11741: result: yes
configure:11771: checking for style of include used by make
configure:11799: result: GNU
configure:11875: checking dependency style of gcc
configure:11985: result: gcc3
configure:12189: checking for doxygen
configure:12222: result: no
configure:12242: WARNING: doxygen not found - will not generate any doxygen documentation
configure:12295: checking for perl
configure:12313: found /usr/bin/perl
configure:12325: result: /usr/bin/perl
configure:14065: checking for gcc
configure:14092: result: gcc
configure:14321: checking for C compiler version
configure:14330: gcc --version >&5
Apple LLVM version 9.0.0 (clang-900.0.39.2)
Target: x86_64-apple-darwin16.5.0
Thread model: posix
InstalledDir: /Library/Developer/CommandLineTools/usr/bin
Configured with: --prefix=/Library/Developer/CommandLineTools/usr --with-gxx-include-dir=/usr/include/c++/4.2.1
configure:14341: $? = 0
configure:14330: gcc -v >&5
Configured with: --prefix=/Library/Developer/CommandLineTools/usr --with-gxx-include-dir=/usr/include/c++/4.2.1
Apple LLVM version 9.0.0 (clang-900.0.39.2)
Target: x86_64-apple-darwin16.5.0
Thread model: posix
InstalledDir: /Library/Developer/CommandLineTools/usr/bin
configure:14341: $? = 0
configure:14330: gcc -V >&5
clang: error: argument to '-V' is missing (expected 1 value)
clang: error: no input files
configure:14341: $? = 1
configure:14330: gcc -qversion >&5
clang: error: unknown argument: '-qversion'
clang: error: no input files
configure:14341: $? = 1
configure:14345: checking whether we are using the GNU C compiler
configure:14373: result: yes
configure:14382: checking whether gcc accepts -g
configure:14443: result: yes
configure:14460: checking for gcc option to accept ISO C89
configure:14537: result: none needed
configure:14558: checking whether gcc and cc understand -c and -o together
configure:14589: gcc -c conftest.c -o conftest2.o >&5
configure:14593: $? = 0
configure:14599: gcc -c conftest.c -o conftest2.o >&5
configure:14603: $? = 0
configure:14614: cc -c conftest.c >&5
configure:14618: $? = 0
configure:14626: cc -c conftest.c -o conftest2.o >&5
configure:14630: $? = 0
configure:14636: cc -c conftest.c -o conftest2.o >&5
configure:14640: $? = 0
configure:14658: result: yes
configure:14741: checking for g++
configure:14757: found /usr/bin/g++
configure:14768: result: g++
configure:14795: checking for C++ compiler version
configure:14804: g++ --version >&5
Apple LLVM version 9.0.0 (clang-900.0.39.2)
Target: x86_64-apple-darwin16.5.0
Thread model: posix
InstalledDir: /Library/Developer/CommandLineTools/usr/bin
Configured with: --prefix=/Library/Developer/CommandLineTools/usr --with-gxx-include-dir=/usr/include/c++/4.2.1
configure:14815: $? = 0
configure:14804: g++ -v >&5
Configured with: --prefix=/Library/Developer/CommandLineTools/usr --with-gxx-include-dir=/usr/include/c++/4.2.1
Apple LLVM version 9.0.0 (clang-900.0.39.2)
Target: x86_64-apple-darwin16.5.0
Thread model: posix
InstalledDir: /Library/Developer/CommandLineTools/usr/bin
configure:14815: $? = 0
configure:14804: g++ -V >&5
clang: error: argument to '-V' is missing (expected 1 value)
clang: error: no input files
configure:14815: $? = 1
configure:14804: g++ -qversion >&5
clang: error: unknown argument: '-qversion'
clang: error: no input files
configure:14815: $? = 1
configure:14819: checking whether we are using the GNU C++ compiler
configure:14838: g++ -c   conftest.cpp >&5
configure:14838: $? = 0
configure:14847: result: yes
configure:14856: checking whether g++ accepts -g
configure:14876: g++ -c -g  conftest.cpp >&5
configure:14876: $? = 0
configure:14917: result: yes
configure:14958: checking how to run the C++ preprocessor
configure:14985: g++ -E  conftest.cpp
configure:14985: $? = 0
configure:14999: g++ -E  conftest.cpp
conftest.cpp:21:10: fatal error: 'ac_nonexistent.h' file not found
#include <ac_nonexistent.h>
         ^~~~~~~~~~~~~~~~~~
1 error generated.
configure:14999: $? = 1
configure: failed program was:
| /* confdefs.h */
| #define PACKAGE_NAME "bobpp"
| #define PACKAGE_TARNAME "bobpp"
| #define PACKAGE_VERSION "0.3.0"
| #define PACKAGE_STRING "bobpp 0.3.0"
| #define PACKAGE_BUGREPORT "Bertrand.Lecun@prism.uvsq.fr"
| #define PACKAGE_URL ""
| #define STDC_HEADERS 1
| #define HAVE_SYS_TYPES_H 1
| #define HAVE_SYS_STAT_H 1
| #define HAVE_STDLIB_H 1
| #define HAVE_STRING_H 1
| #define HAVE_MEMORY_H 1
| #define HAVE_STRINGS_H 1
| #define HAVE_INTTYPES_H 1
| #define HAVE_STDINT_H 1
| #define HAVE_UNISTD_H 1
| #define HAVE_DLFCN_H 1
| #define LT_OBJDIR ".libs/"
| /* end confdefs.h.  */
| #include <ac_nonexistent.h>
configure:15024: result: g++ -E
configure:15044: g++ -E  conftest.cpp
configure:15044: $? = 0
configure:15058: g++ -E  conftest.cpp
conftest.cpp:21:10: fatal error: 'ac_nonexistent.h' file not found
#include <ac_nonexistent.h>
         ^~~~~~~~~~~~~~~~~~
1 error generated.
configure:15058: $? = 1
configure: failed program was:
| /* confdefs.h */
| #define PACKAGE_NAME "bobpp"
| #define PACKAGE_TARNAME "bobpp"
| #define PACKAGE_VERSION "0.3.0"
| #define PACKAGE_STRING "bobpp 0.3.0"
| #define PACKAGE_BUGREPORT "Bertrand.Lecun@prism.uvsq.fr"
| #define PACKAGE_URL ""
| #define STDC_HEADERS 1
| #define HAVE_SYS_TYPES_H 1
| #define HAVE_SYS_STAT_H 1
| #define HAVE_STDLIB_H 1
| #define HAVE_STRING_H 1
| #define HAVE_MEMORY_H 1
| #define HAVE_STRINGS_H 1
| #define HAVE_INTTYPES_H 1
| #define HAVE_STDINT_H 1
| #define HAVE_UNISTD_H 1
| #define HAVE_DLFCN_H 1
| #define LT_OBJDIR ".libs/"
| /* end confdefs.h.  */
| #include <ac_nonexistent.h>
configure:15227: checking for ld used by g++
configure:15294: result: /Library/Developer/CommandLineTools/usr/bin/ld
configure:15301: checking if the linker (/Library/Developer/CommandLineTools/usr/bin/ld) is GNU ld
configure:15316: result: no
configure:15371: checking whether the g++ linker (/Library/Developer/CommandLineTools/usr/bin/ld) supports shared libraries
configure:16376: result: yes
configure:16412: g++ -c -g -O2  conftest.cpp >&5
configure:16415: $? = 0
configure:16935: checking for g++ option to produce PIC
configure:16942: result: -fno-common -DPIC
configure:16950: checking if g++ PIC flag -fno-common -DPIC works
configure:16968: g++ -c -g -O2  -fno-common -DPIC -DPIC conftest.cpp >&5
configure:16972: $? = 0
configure:16985: result: yes
configure:17008: checking if g++ static flag -static works
configure:17036: result: no
configure:17048: checking if g++ supports -c -o file.o
configure:17069: g++ -c -g -O2  -o out/conftest2.o conftest.cpp >&5
configure:17073: $? = 0
configure:17095: result: yes
configure:17100: checking if g++ supports -c -o file.o
configure:17147: result: yes
configure:17177: checking whether the g++ linker (/Library/Developer/CommandLineTools/usr/bin/ld) supports shared libraries
configure:17213: result: yes
configure:17354: checking dynamic linker characteristics
configure:18021: result: darwin16.5.0 dyld
configure:18074: checking how to hardcode library paths into programs
configure:18099: result: immediate
configure:18141: checking dependency style of g++
configure:18251: result: gcc3
configure:18274: checking for pkg-config
configure:18290: found /usr/local/bin/pkg-config
configure:18301: result: yes
configure:18317: checking for pthread_create in -lpthread
configure:18342: g++ -o conftest -g -O2   conftest.cpp -lpthread   >&5
configure:18342: $? = 0
configure:18351: result: yes
configure:18362: checking for pthread_create in -lpthreadGC2
configure:18387: g++ -o conftest -g -O2   conftest.cpp -lpthreadGC2  -lpthread  >&5
ld: library not found for -lpthreadGC2
clang: error: linker command failed with exit code 1 (use -v to see invocation)
configure:18387: $? = 1
configure: failed program was:
| /* confdefs.h */
| #define PACKAGE_NAME "bobpp"
| #define PACKAGE_TARNAME "bobpp"
| #define PACKAGE_VERSION "0.3.0"
| #define PACKAGE_STRING "bobpp 0.3.0"
| #define PACKAGE_BUGREPORT "Bertrand.Lecun@prism.uvsq.fr"
| #define PACKAGE_URL ""
| #define STDC_HEADERS 1
| #define HAVE_SYS_TYPES_H 1
| #define HAVE_SYS_STAT_H 1
| #define HAVE_STDLIB_H 1
| #define HAVE_STRING_H 1
| #define HAVE_MEMORY_H 1
| #define HAVE_STRINGS_H 1
| #define HAVE_INTTYPES_H 1
| #define HAVE_STDINT_H 1
| #define HAVE_UNISTD_H 1
| #define HAVE_DLFCN_H 1
| #define LT_OBJDIR ".libs/"
| #define HAVE_LIBPTHREAD 1
| /* end confdefs.h.  */
| 
| /* Override any GCC internal prototype to avoid an error.
|    Use char because int might match the return type of a GCC
|    builtin and then its argument prototype would still apply.  */
| #ifdef __cplusplus
| extern "C"
| #endif
| char pthread_create ();
| int
| main ()
| {
| return pthread_create ();
|   ;
|   return 0;
| }
configure:18396: result: no
configure:18410: checking for ANSI C header files
configure:18514: result: yes
configure:18525: checking for stdlib.h
configure:18525: result: yes
configure:18525: checking sys/time.h usability
configure:18525: g++ -c -g -O2  conftest.cpp >&5
configure:18525: $? = 0
configure:18525: result: yes
configure:18525: checking sys/time.h presence
configure:18525: g++ -E  conftest.cpp
configure:18525: $? = 0
configure:18525: result: yes
configure:18525: checking for sys/time.h
configure:18525: result: yes
configure:18537: checking for stdbool.h that conforms to C99
configure:18604: g++ -c -g -O2  conftest.cpp >&5
conftest.cpp:28:2: error: expected unqualified-id
 "error: bool is not defined"
 ^
conftest.cpp:46:36: error: C++ requires a type specifier for all declarations
        struct s { _Bool s: 1; _Bool t; } s;
                                          ^
2 errors generated.
configure:18604: $? = 1
configure: failed program was:
| /* confdefs.h */
| #define PACKAGE_NAME "bobpp"
| #define PACKAGE_TARNAME "bobpp"
| #define PACKAGE_VERSION "0.3.0"
| #define PACKAGE_STRING "bobpp 0.3.0"
| #define PACKAGE_BUGREPORT "Bertrand.Lecun@prism.uvsq.fr"
| #define PACKAGE_URL ""
| #define STDC_HEADERS 1
| #define HAVE_SYS_TYPES_H 1
| #define HAVE_SYS_STAT_H 1
| #define HAVE_STDLIB_H 1
| #define HAVE_STRING_H 1
| #define HAVE_MEMORY_H 1
| #define HAVE_STRINGS_H 1
| #define HAVE_INTTYPES_H 1
| #define HAVE_STDINT_H 1
| #define HAVE_UNISTD_H 1
| #define HAVE_DLFCN_H 1
| #define LT_OBJDIR ".libs/"
| #define HAVE_LIBPTHREAD 1
| #define STDC_HEADERS 1
| #define HAVE_STDLIB_H 1
| #define HAVE_SYS_TIME_H 1
| /* end confdefs.h.  */
| 
| #include <stdbool.h>
| #ifndef bool
|  "error: bool is not defined"
| #endif
| #ifndef false
|  "error: false is not defined"
| #endif
| #if false
|  "error: false is not 0"
| #endif
| #ifndef true
|  "error: true is not defined"
| #endif
| #if true != 1
|  "error: true is not 1"
| #endif
| #ifndef __bool_true_false_are_defined
|  "error: __bool_true_false_are_defined is not defined"
| #endif
| 
| 	struct s { _Bool s: 1; _Bool t; } s;
| 
| 	char a[true == 1 ? 1 : -1];
| 	char b[false == 0 ? 1 : -1];
| 	char c[__bool_true_false_are_defined == 1 ? 1 : -1];
| 	char d[(bool) 0.5 == true ? 1 : -1];
| 	/* See body of main program for 'e'.  */
| 	char f[(_Bool) 0.0 == false ? 1 : -1];
| 	char g[true];
| 	char h[sizeof (_Bool)];
| 	char i[sizeof s.t];
| 	enum { j = false, k = true, l = false * true, m = true * 256 };
| 	/* The following fails for
| 	   HP aC++/ANSI C B3910B A.05.55 [Dec 04 2003]. */
| 	_Bool n[m];
| 	char o[sizeof n == m * sizeof n[0] ? 1 : -1];
| 	char p[-1 - (_Bool) 0 < 0 && -1 - (bool) 0 < 0 ? 1 : -1];
| 	/* Catch a bug in an HP-UX C compiler.  See
| 	   http://gcc.gnu.org/ml/gcc-patches/2003-12/msg02303.html
| 	   http://lists.gnu.org/archive/html/bug-coreutils/2005-11/msg00161.html
| 	 */
| 	_Bool q = true;
| 	_Bool *pq = &q;
| 
| int
| main ()
| {
| 
| 	bool e = &s;
| 	*pq |= q;
| 	*pq |= ! q;
| 	/* Refer to every declared value, to avoid compiler optimizations.  */
| 	return (!a + !b + !c + !d + !e + !f + !g + !h + !i + !!j + !k + !!l
| 		+ !m + !n + !o + !p + !q + !pq);
| 
|   ;
|   return 0;
| }
configure:18611: result: no
configure:18613: checking for _Bool
configure:18613: g++ -c -g -O2  conftest.cpp >&5
conftest.cpp:61:13: error: use of undeclared identifier '_Bool'
if (sizeof (_Bool))
            ^
1 error generated.
configure:18613: $? = 1
configure: failed program was:
| /* confdefs.h */
| #define PACKAGE_NAME "bobpp"
| #define PACKAGE_TARNAME "bobpp"
| #define PACKAGE_VERSION "0.3.0"
| #define PACKAGE_STRING "bobpp 0.3.0"
| #define PACKAGE_BUGREPORT "Bertrand.Lecun@prism.uvsq.fr"
| #define PACKAGE_URL ""
| #define STDC_HEADERS 1
| #define HAVE_SYS_TYPES_H 1
| #define HAVE_SYS_STAT_H 1
| #define HAVE_STDLIB_H 1
| #define HAVE_STRING_H 1
| #define HAVE_MEMORY_H 1
| #define HAVE_STRINGS_H 1
| #define HAVE_INTTYPES_H 1
| #define HAVE_STDINT_H 1
| #define HAVE_UNISTD_H 1
| #define HAVE_DLFCN_H 1
| #define LT_OBJDIR ".libs/"
| #define HAVE_LIBPTHREAD 1
| #define STDC_HEADERS 1
| #define HAVE_STDLIB_H 1
| #define HAVE_SYS_TIME_H 1
| /* end confdefs.h.  */
| #include <stdio.h>
| #ifdef HAVE_SYS_TYPES_H
| # include <sys/types.h>
| #endif
| #ifdef HAVE_SYS_STAT_H
| # include <sys/stat.h>
| #endif
| #ifdef STDC_HEADERS
| # include <stdlib.h>
| # include <stddef.h>
| #else
| # ifdef HAVE_STDLIB_H
| #  include <stdlib.h>
| # endif
| #endif
| #ifdef HAVE_STRING_H
| # if !defined STDC_HEADERS && defined HAVE_MEMORY_H
| #  include <memory.h>
| # endif
| # include <string.h>
| #endif
| #ifdef HAVE_STRINGS_H
| # include <strings.h>
| #endif
| #ifdef HAVE_INTTYPES_H
| # include <inttypes.h>
| #endif
| #ifdef HAVE_STDINT_H
| # include <stdint.h>
| #endif
| #ifdef HAVE_UNISTD_H
| # include <unistd.h>
| #endif
| int
| main ()
| {
| if (sizeof (_Bool))
| 	 return 0;
|   ;
|   return 0;
| }
configure:18613: result: no
configure:18629: checking for an ANSI C-conforming const
configure:18694: g++ -c -g -O2  conftest.cpp >&5
configure:18694: $? = 0
configure:18701: result: yes
configure:18709: checking for inline
configure:18725: g++ -c -g -O2  conftest.cpp >&5
configure:18725: $? = 0
configure:18733: result: inline
configure:18751: checking whether time.h and sys/time.h may both be included
configure:18771: g++ -c -g -O2  conftest.cpp >&5
configure:18771: $? = 0
configure:18778: result: yes
configure:18794: checking return type of signal handlers
configure:18812: g++ -c -g -O2 -Wall  conftest.cpp >&5
conftest.cpp:32:8: error: indirection requires pointer operand ('void' invalid)
return *(signal (0, 0)) (0) == 1;
       ^~~~~~~~~~~~~~~~~~~~
1 error generated.
configure:18812: $? = 1
configure: failed program was:
| /* confdefs.h */
| #define PACKAGE_NAME "bobpp"
| #define PACKAGE_TARNAME "bobpp"
| #define PACKAGE_VERSION "0.3.0"
| #define PACKAGE_STRING "bobpp 0.3.0"
| #define PACKAGE_BUGREPORT "Bertrand.Lecun@prism.uvsq.fr"
| #define PACKAGE_URL ""
| #define STDC_HEADERS 1
| #define HAVE_SYS_TYPES_H 1
| #define HAVE_SYS_STAT_H 1
| #define HAVE_STDLIB_H 1
| #define HAVE_STRING_H 1
| #define HAVE_MEMORY_H 1
| #define HAVE_STRINGS_H 1
| #define HAVE_INTTYPES_H 1
| #define HAVE_STDINT_H 1
| #define HAVE_UNISTD_H 1
| #define HAVE_DLFCN_H 1
| #define LT_OBJDIR ".libs/"
| #define HAVE_LIBPTHREAD 1
| #define STDC_HEADERS 1
| #define HAVE_STDLIB_H 1
| #define HAVE_SYS_TIME_H 1
| #define TIME_WITH_SYS_TIME 1
| /* end confdefs.h.  */
| #include <sys/types.h>
| #include <signal.h>
| 
| int
| main ()
| {
| return *(signal (0, 0)) (0) == 1;
|   ;
|   return 0;
| }
configure:18819: result: void
configure:18827: checking whether lstat correctly handles trailing slash
configure:18853: g++ -o conftest -g -O2 -Wall   conftest.cpp -lpthread  >&5
configure:18853: $? = 0
configure:18853: ./conftest
configure:18853: $? = 1
configure: program exited with status 1
configure: failed program was:
| /* confdefs.h */
| #define PACKAGE_NAME "bobpp"
| #define PACKAGE_TARNAME "bobpp"
| #define PACKAGE_VERSION "0.3.0"
| #define PACKAGE_STRING "bobpp 0.3.0"
| #define PACKAGE_BUGREPORT "Bertrand.Lecun@prism.uvsq.fr"
| #define PACKAGE_URL ""
| #define STDC_HEADERS 1
| #define HAVE_SYS_TYPES_H 1
| #define HAVE_SYS_STAT_H 1
| #define HAVE_STDLIB_H 1
| #define HAVE_STRING_H 1
| #define HAVE_MEMORY_H 1
| #define HAVE_STRINGS_H 1
| #define HAVE_INTTYPES_H 1
| #define HAVE_STDINT_H 1
| #define HAVE_UNISTD_H 1
| #define HAVE_DLFCN_H 1
| #define LT_OBJDIR ".libs/"
| #define HAVE_LIBPTHREAD 1
| #define STDC_HEADERS 1
| #define HAVE_STDLIB_H 1
| #define HAVE_SYS_TIME_H 1
| #define TIME_WITH_SYS_TIME 1
| #define RETSIGTYPE void
| /* end confdefs.h.  */
| #include <stdio.h>
| #ifdef HAVE_SYS_TYPES_H
| # include <sys/types.h>
| #endif
| #ifdef HAVE_SYS_STAT_H
| # include <sys/stat.h>
| #endif
| #ifdef STDC_HEADERS
| # include <stdlib.h>
| # include <stddef.h>
| #else
| # ifdef HAVE_STDLIB_H
| #  include <stdlib.h>
| # endif
| #endif
| #ifdef HAVE_STRING_H
| # if !defined STDC_HEADERS && defined HAVE_MEMORY_H
| #  include <memory.h>
| # endif
| # include <string.h>
| #endif
| #ifdef HAVE_STRINGS_H
| # include <strings.h>
| #endif
| #ifdef HAVE_INTTYPES_H
| # include <inttypes.h>
| #endif
| #ifdef HAVE_STDINT_H
| # include <stdint.h>
| #endif
| #ifdef HAVE_UNISTD_H
| # include <unistd.h>
| #endif
| int
| main ()
| {
| struct stat sbuf;
|      /* Linux will dereference the symlink and fail, as required by POSIX.
| 	That is better in the sense that it means we will not
| 	have to compile and use the lstat wrapper.  */
|      return lstat ("conftest.sym/", &sbuf) == 0;
|   ;
|   return 0;
| }
configure:18870: result: no
configure:18889: checking whether stat accepts an empty string
configure:18909: g++ -o conftest -g -O2 -Wall   conftest.cpp -lpthread  >&5
configure:18909: $? = 0
configure:18909: ./conftest
configure:18909: $? = 0
configure:18919: result: no
configure:18938: checking for gettimeofday
configure:18938: g++ -o conftest -g -O2 -Wall   conftest.cpp -lpthread  >&5
configure:18938: $? = 0
configure:18938: result: yes
configure:18938: checking for socket
configure:18938: g++ -o conftest -g -O2 -Wall   conftest.cpp -lpthread  >&5
configure:18938: $? = 0
configure:18938: result: yes
configure:18938: checking for pthread_setaffinity_np
configure:18938: g++ -o conftest -g -O2 -Wall   conftest.cpp -lpthread  >&5
Undefined symbols for architecture x86_64:
  "_pthread_setaffinity_np", referenced from:
      _main in conftest-bb0cc1.o
ld: symbol(s) not found for architecture x86_64
clang: error: linker command failed with exit code 1 (use -v to see invocation)
configure:18938: $? = 1
configure: failed program was:
| /* confdefs.h */
| #define PACKAGE_NAME "bobpp"
| #define PACKAGE_TARNAME "bobpp"
| #define PACKAGE_VERSION "0.3.0"
| #define PACKAGE_STRING "bobpp 0.3.0"
| #define PACKAGE_BUGREPORT "Bertrand.Lecun@prism.uvsq.fr"
| #define PACKAGE_URL ""
| #define STDC_HEADERS 1
| #define HAVE_SYS_TYPES_H 1
| #define HAVE_SYS_STAT_H 1
| #define HAVE_STDLIB_H 1
| #define HAVE_STRING_H 1
| #define HAVE_MEMORY_H 1
| #define HAVE_STRINGS_H 1
| #define HAVE_INTTYPES_H 1
| #define HAVE_STDINT_H 1
| #define HAVE_UNISTD_H 1
| #define HAVE_DLFCN_H 1
| #define LT_OBJDIR ".libs/"
| #define HAVE_LIBPTHREAD 1
| #define STDC_HEADERS 1
| #define HAVE_STDLIB_H 1
| #define HAVE_SYS_TIME_H 1
| #define TIME_WITH_SYS_TIME 1
| #define RETSIGTYPE void
| #define HAVE_GETTIMEOFDAY 1
| #define HAVE_SOCKET 1
| /* end confdefs.h.  */
| /* Define pthread_setaffinity_np to an innocuous variant, in case <limits.h> declares pthread_setaffinity_np.
|    For example, HP-UX 11i <limits.h> declares gettimeofday.  */
| #define pthread_setaffinity_np innocuous_pthread_setaffinity_np
| 
| /* System header to define __stub macros and hopefully few prototypes,
|     which can conflict with char pthread_setaffinity_np (); below.
|     Prefer <limits.h> to <assert.h> if __STDC__ is defined, since
|     <limits.h> exists even on freestanding compilers.  */
| 
| #ifdef __STDC__
| # include <limits.h>
| #else
| # include <assert.h>
| #endif
| 
| #undef pthread_setaffinity_np
| 
| /* Override any GCC internal prototype to avoid an error.
|    Use char because int might match the return type of a GCC
|    builtin and then its argument prototype would still apply.  */
| #ifdef __cplusplus
| extern "C"
| #endif
| char pthread_setaffinity_np ();
| /* The GNU C library defines this for functions which it implements
|     to always fail with ENOSYS.  Some functions are actually named
|     something starting with __ and the normal name is an alias.  */
| #if defined __stub_pthread_setaffinity_np || defined __stub___pthread_setaffinity_np
| choke me
| #endif
| 
| int
| main ()
| {
| return pthread_setaffinity_np ();
|   ;
|   return 0;
| }
configure:18938: result: no
configure:18949: checking for the Bob++ debug feature
configure:18958: result: no
configure:18963: checking for the Bob++ space generation
configure:18972: result: no
configure:18977: checking for the Bob++ fault tolerancy
configure:18986: result: no
configure:18991: checking for glop library module
configure:19021: result: no
configure:19081: checking for Kaapi library
configure:19107: result: no
configure:19122: checking for mpic++
configure:19138: found /usr/local/bin/mpic++
configure:19149: result: mpic++
configure:19167: checking for MPI_Init
configure:19167: mpic++ -o conftest -g -O2 -Wall   conftest.cpp -lpthread  >&5
configure:19167: $? = 0
configure:19167: result: yes
configure:19260: checking for mpi.h
configure:19273: mpic++ -c -g -O2 -Wall  conftest.cpp >&5
configure:19273: $? = 0
configure:19274: result: yes
configure:19560: checking for host-specific tuning options
configure:19570: result: none
configure:19574: checking for giw library
configure:19595: result: no
configure:19911: creating ./config.status

## ---------------------- ##
## Running config.status. ##
## ---------------------- ##

This file was extended by bobpp config.status 0.3.0, which was
generated by GNU Autoconf 2.68.  Invocation command line was

  CONFIG_FILES    = 
  CONFIG_HEADERS  = 
  CONFIG_LINKS    = 
  CONFIG_COMMANDS = 
  $ ./config.status 

on liuleideMBP.lan

config.status:1264: creating Makefile
config.status:1264: creating bobpp/Makefile
config.status:1264: creating bobpp/thr/Makefile
config.status:1264: creating bobpp/util/Makefile
config.status:1264: creating bobpp/atha/Makefile
config.status:1264: creating bobpp/atha/bobpp_atha.pc
config.status:1264: creating bobpp/ilp/Makefile
config.status:1264: creating bobpp/ilp/bobpp_lp.pc
config.status:1264: creating bobpp/mpx/Makefile
config.status:1264: creating bobpp/mpx/bobpp_mpi.pc
config.status:1264: creating examples/Makefile
config.status:1264: creating examples/Mole/Makefile
config.status:1264: creating examples/flowshop/Makefile
config.status:1264: creating examples/flowshop/DC/Makefile
config.status:1264: creating examples/flowshop/BB/Makefile
config.status:1264: creating examples/ks/Makefile
config.status:1264: creating examples/Mip_Bobo/Makefile
config.status:1264: creating examples/Mip_Cuts/Makefile
config.status:1264: creating examples/Mip_Simple/Makefile
config.status:1264: creating examples/Qap/Makefile
config.status:1264: creating examples/UQ01/Makefile
config.status:1264: creating examples/queen/Makefile
config.status:1264: creating examples/SimBB/Makefile
config.status:1264: creating examples/vrp/Makefile
config.status:1264: creating examples/Tests/Makefile
config.status:1264: creating examples/sat/Makefile
config.status:1264: creating tools/Makefile
config.status:1264: creating bobpp.pc
config.status:1264: creating config.h
config.status:1445: config.h is unchanged
config.status:1493: executing bobpp/bobpp_config.h commands
config.status:1531: creating bobpp/bobpp_config.h - prefix BOBPP for config.h defines
config.status:1553: bobpp/bobpp_config.h is unchanged
config.status:1493: executing libtool commands
config.status:1493: executing depfiles commands

## ---------------- ##
## Cache variables. ##
## ---------------- ##

ac_cv_build=x86_64-apple-darwin16.5.0
ac_cv_c_compiler_gnu=yes
ac_cv_c_const=yes
ac_cv_c_inline=inline
ac_cv_cxx_compiler_gnu=yes
ac_cv_env_CCC_set=
ac_cv_env_CCC_value=
ac_cv_env_CC_set=
ac_cv_env_CC_value=
ac_cv_env_CFLAGS_set=
ac_cv_env_CFLAGS_value=
ac_cv_env_CPPFLAGS_set=
ac_cv_env_CPPFLAGS_value=
ac_cv_env_CPP_set=
ac_cv_env_CPP_value=
ac_cv_env_CXXCPP_set=
ac_cv_env_CXXCPP_value=
ac_cv_env_CXXFLAGS_set=
ac_cv_env_CXXFLAGS_value=
ac_cv_env_CXX_set=
ac_cv_env_CXX_value=
ac_cv_env_DOXYGEN_PAPER_SIZE_set=
ac_cv_env_DOXYGEN_PAPER_SIZE_value=
ac_cv_env_LDFLAGS_set=
ac_cv_env_LDFLAGS_value=
ac_cv_env_LIBS_set=
ac_cv_env_LIBS_value=
ac_cv_env_MPICXX_set=
ac_cv_env_MPICXX_value=
ac_cv_env_build_alias_set=
ac_cv_env_build_alias_value=
ac_cv_env_host_alias_set=
ac_cv_env_host_alias_value=
ac_cv_env_target_alias_set=
ac_cv_env_target_alias_value=
ac_cv_func_MPI_Init=yes
ac_cv_func_gettimeofday=yes
ac_cv_func_lstat_dereferences_slashed_symlink=no
ac_cv_func_pthread_setaffinity_np=no
ac_cv_func_socket=yes
ac_cv_func_stat_empty_string_bug=no
ac_cv_header_dlfcn_h=yes
ac_cv_header_inttypes_h=yes
ac_cv_header_memory_h=yes
ac_cv_header_stdbool_h=no
ac_cv_header_stdc=yes
ac_cv_header_stdint_h=yes
ac_cv_header_stdlib_h=yes
ac_cv_header_string_h=yes
ac_cv_header_strings_h=yes
ac_cv_header_sys_stat_h=yes
ac_cv_header_sys_time_h=yes
ac_cv_header_sys_types_h=yes
ac_cv_header_time=yes
ac_cv_header_unistd_h=yes
ac_cv_host=x86_64-apple-darwin16.5.0
ac_cv_lib_pthreadGC2_pthread_create=no
ac_cv_lib_pthread_pthread_create=yes
ac_cv_objext=o
ac_cv_path_EGREP='/usr/bin/grep -E'
ac_cv_path_FGREP='/usr/bin/grep -F'
ac_cv_path_GREP=/usr/bin/grep
ac_cv_path_SED=/usr/bin/sed
ac_cv_path_ac_pt_DX_PERL=/usr/bin/perl
ac_cv_path_install='/usr/bin/install -c'
ac_cv_prog_AWK=awk
ac_cv_prog_CPP='gcc -E'
ac_cv_prog_CXXCPP='g++ -E'
ac_cv_prog_HAVE_PKG_CONFIG=yes
ac_cv_prog_MPICXX=mpic++
ac_cv_prog_ac_ct_AR=ar
ac_cv_prog_ac_ct_CC=gcc
ac_cv_prog_ac_ct_CXX=g++
ac_cv_prog_ac_ct_DLLTOOL=dlltool
ac_cv_prog_ac_ct_DSYMUTIL=dsymutil
ac_cv_prog_ac_ct_LIPO=lipo
ac_cv_prog_ac_ct_NMEDIT=nmedit
ac_cv_prog_ac_ct_OBJDUMP=objdump
ac_cv_prog_ac_ct_OTOOL=otool
ac_cv_prog_ac_ct_RANLIB=ranlib
ac_cv_prog_ac_ct_STRIP=strip
ac_cv_prog_cc_c89=
ac_cv_prog_cc_g=yes
ac_cv_prog_cc_gcc_c_o=yes
ac_cv_prog_cxx_g=yes
ac_cv_prog_make_make_set=yes
ac_cv_type__Bool=no
ac_cv_type_signal=void
am_cv_CC_dependencies_compiler_type=gcc3
am_cv_CXX_dependencies_compiler_type=gcc3
lt_cv_apple_cc_single_mod=yes
lt_cv_ar_at_file=no
lt_cv_deplibs_check_method=pass_all
lt_cv_file_magic_cmd='$MAGIC_CMD'
lt_cv_file_magic_test_file=
lt_cv_ld_exported_symbols_list=yes
lt_cv_ld_force_load=yes
lt_cv_ld_reload_flag=-r
lt_cv_nm_interface='BSD nm'
lt_cv_objdir=.libs
lt_cv_path_LD=/Library/Developer/CommandLineTools/usr/bin/ld
lt_cv_path_LDCXX=/Library/Developer/CommandLineTools/usr/bin/ld
lt_cv_path_NM='/usr/bin/nm -B'
lt_cv_path_mainfest_tool=no
lt_cv_prog_compiler_c_o=yes
lt_cv_prog_compiler_c_o_CXX=yes
lt_cv_prog_compiler_pic='-fno-common -DPIC'
lt_cv_prog_compiler_pic_CXX='-fno-common -DPIC'
lt_cv_prog_compiler_pic_works=yes
lt_cv_prog_compiler_pic_works_CXX=yes
lt_cv_prog_compiler_rtti_exceptions=yes
lt_cv_prog_compiler_static_works=no
lt_cv_prog_compiler_static_works_CXX=no
lt_cv_prog_gnu_ld=no
lt_cv_prog_gnu_ldcxx=no
lt_cv_sharedlib_from_linklib_cmd='printf %s\n'
lt_cv_sys_global_symbol_pipe='sed -n -e '\''s/^.*[	 ]\([BCDEGRST][BCDEGRST]*\)[	 ][	 ]*_\([_A-Za-z][_A-Za-z0-9]*\)$/\1 _\2 \2/p'\'' | sed '\''/ __gnu_lto/d'\'''
lt_cv_sys_global_symbol_to_c_name_address='sed -n -e '\''s/^: \([^ ]*\)[ ]*$/  {\"\1\", (void *) 0},/p'\'' -e '\''s/^[BCDEGRST]* \([^ ]*\) \([^ ]*\)$/  {"\2", (void *) \&\2},/p'\'''
lt_cv_sys_global_symbol_to_c_name_address_lib_prefix='sed -n -e '\''s/^: \([^ ]*\)[ ]*$/  {\"\1\", (void *) 0},/p'\'' -e '\''s/^[BCDEGRST]* \([^ ]*\) \(lib[^ ]*\)$/  {"\2", (void *) \&\2},/p'\'' -e '\''s/^[BCDEGRST]* \([^ ]*\) \([^ ]*\)$/  {"lib\2", (void *) \&\2},/p'\'''
lt_cv_sys_global_symbol_to_cdecl='sed -n -e '\''s/^T .* \(.*\)$/extern int \1();/p'\'' -e '\''s/^[BCDEGRST]* .* \(.*\)$/extern char \1;/p'\'''
lt_cv_sys_max_cmd_len=196608
lt_cv_to_host_file_cmd=func_convert_file_noop
lt_cv_to_tool_file_cmd=func_convert_file_noop

## ----------------- ##
## Output variables. ##
## ----------------- ##

ACLOCAL='${SHELL} /Users/liulei/Dropbox/L.L./4Programming/PaperRelated/2-machine-flow-shop-VaR/bobpp_lib/missing --run aclocal-1.11'
AMDEPBACKSLASH='\'
AMDEP_FALSE='#'
AMDEP_TRUE=''
AMTAR='${SHELL} /Users/liulei/Dropbox/L.L./4Programming/PaperRelated/2-machine-flow-shop-VaR/bobpp_lib/missing --run tar'
AR='ar'
AS='as'
AUTOCONF='${SHELL} /Users/liulei/Dropbox/L.L./4Programming/PaperRelated/2-machine-flow-shop-VaR/bobpp_lib/missing --run autoconf'
AUTOHEADER='${SHELL} /Users/liulei/Dropbox/L.L./4Programming/PaperRelated/2-machine-flow-shop-VaR/bobpp_lib/missing --run autoheader'
AUTOMAKE='${SHELL} /Users/liulei/Dropbox/L.L./4Programming/PaperRelated/2-machine-flow-shop-VaR/bobpp_lib/missing --run automake-1.11'
AWK='awk'
CC='gcc'
CCDEPMODE='depmode=gcc3'
CFLAGS='-g -O2 -Wall'
COND_SOCKET_FALSE='#'
COND_SOCKET_TRUE=''
CPP='gcc -E'
CPPFLAGS=''
CXX='g++'
CXXCPP='g++ -E'
CXXDEPMODE='depmode=gcc3'
CXXFLAGS='-g -O2 -Wall'
CYGPATH_W='echo'
DEFS='-DHAVE_CONFIG_H'
DEPDIR='.deps'
DLLTOOL='dlltool'
DOXYGEN_PAPER_SIZE=''
DSYMUTIL='dsymutil'
DUMPBIN=''
DX_COND_chi_FALSE=''
DX_COND_chi_TRUE='#'
DX_COND_chm_FALSE=''
DX_COND_chm_TRUE='#'
DX_COND_doc_FALSE=''
DX_COND_doc_TRUE='#'
DX_COND_dot_FALSE=''
DX_COND_dot_TRUE='#'
DX_COND_html_FALSE=''
DX_COND_html_TRUE='#'
DX_COND_latex_FALSE=''
DX_COND_latex_TRUE='#'
DX_COND_man_FALSE=''
DX_COND_man_TRUE='#'
DX_COND_pdf_FALSE=''
DX_COND_pdf_TRUE='#'
DX_COND_ps_FALSE=''
DX_COND_ps_TRUE='#'
DX_COND_rtf_FALSE=''
DX_COND_rtf_TRUE='#'
DX_COND_xml_FALSE=''
DX_COND_xml_TRUE='#'
DX_CONFIG='doxygen.cfg'
DX_DOCDIR='doxygen-doc'
DX_DOT=''
DX_DOXYGEN=''
DX_DVIPS=''
DX_EGREP=''
DX_ENV=' SRCDIR='\''.'\'' PROJECT='\''bobpp'\'' DOCDIR='\''doxygen-doc'\'' VERSION='\''0.3.0'\'' HAVE_DOT='\''NO'\'' GENERATE_MAN='\''NO'\'' GENERATE_RTF='\''NO'\'' GENERATE_XML='\''NO'\'' GENERATE_HTMLHELP='\''NO'\'' GENERATE_CHI='\''NO'\'' GENERATE_HTML='\''NO'\'' GENERATE_LATEX='\''NO'\'''
DX_FLAG_chi='0'
DX_FLAG_chm='0'
DX_FLAG_doc='0'
DX_FLAG_dot='0'
DX_FLAG_html='0'
DX_FLAG_man='0'
DX_FLAG_pdf='0'
DX_FLAG_ps='0'
DX_FLAG_rtf='0'
DX_FLAG_xml='0'
DX_HHC=''
DX_LATEX=''
DX_MAKEINDEX=''
DX_PDFLATEX=''
DX_PERL='/usr/bin/perl'
DX_PROJECT='bobpp'
ECHO_C='\c'
ECHO_N=''
ECHO_T=''
EGREP='/usr/bin/grep -E'
EXEEXT=''
FGREP='/usr/bin/grep -F'
GENERIC_API_VERSION='1.0'
GENERIC_LIBRARY_NAME='bobpp'
GENERIC_LIBRARY_VERSION='1:0:0'
GENERIC_RELEASE='0.3'
GENERIC_VERSION='0.3.0'
GREP='/usr/bin/grep'
HAVE_PKG_CONFIG='yes'
INCATHA=''
INCGIW=''
INCGLOCK=''
INCGLOP=''
INCPPGLOP=''
INSTALL_DATA='${INSTALL} -m 644'
INSTALL_PROGRAM='${INSTALL}'
INSTALL_SCRIPT='${INSTALL}'
INSTALL_STRIP_PROGRAM='$(install_sh) -c -s'
LD='/Library/Developer/CommandLineTools/usr/bin/ld'
LDFLAGS=''
LIBATHA=''
LIBGIW=''
LIBGLOCK=''
LIBGLOP=''
LIBOBJS=' ${LIBOBJDIR}lstat$U.o'
LIBPPGLOP=''
LIBS='-lpthread '
LIBTOOL='$(SHELL) $(top_builddir)/libtool'
LIPO='lipo'
LN_S='ln -s'
LTLIBOBJS=' ${LIBOBJDIR}lstat$U.lo'
MAKEINFO='${SHELL} /Users/liulei/Dropbox/L.L./4Programming/PaperRelated/2-machine-flow-shop-VaR/bobpp_lib/missing --run makeinfo'
MANIFEST_TOOL=':'
MKDIR_P='./install-sh -c -d'
MPICXX='mpic++'
MPILIBS=' '
NM='/usr/bin/nm -B'
NMEDIT='nmedit'
OBJDUMP='objdump'
OBJEXT='o'
OTOOL64=':'
OTOOL='otool'
PACKAGE='bobpp'
PACKAGE_BUGREPORT='Bertrand.Lecun@prism.uvsq.fr'
PACKAGE_NAME='bobpp'
PACKAGE_STRING='bobpp 0.3.0'
PACKAGE_TARNAME='bobpp'
PACKAGE_URL=''
PACKAGE_VERSION='0.3.0'
PATH_SEPARATOR=':'
RANLIB='ranlib'
SED='/usr/bin/sed'
SET_MAKE=''
SHELL='/bin/sh'
STRIP='strip'
USE_ATHA_FALSE=''
USE_ATHA_TRUE='#'
USE_GIW_FALSE=''
USE_GIW_TRUE='#'
USE_GLOCK_FALSE=''
USE_GLOCK_TRUE='#'
USE_GLOP_FALSE=''
USE_GLOP_TRUE='#'
USE_MPI_FALSE='#'
USE_MPI_TRUE=''
USE_PPGLOP_FALSE=''
USE_PPGLOP_TRUE='#'
VERSION='0.3.0'
ac_ct_AR='ar'
ac_ct_CC='gcc'
ac_ct_CXX='g++'
ac_ct_DUMPBIN=''
am__EXEEXT_FALSE=''
am__EXEEXT_TRUE='#'
am__fastdepCC_FALSE='#'
am__fastdepCC_TRUE=''
am__fastdepCXX_FALSE='#'
am__fastdepCXX_TRUE=''
am__include='include'
am__isrc=''
am__leading_dot='.'
am__quote=''
am__tar='${AMTAR} chof - "$$tardir"'
am__untar='${AMTAR} xf -'
bindir='${exec_prefix}/bin'
build='x86_64-apple-darwin16.5.0'
build_alias=''
build_cpu='x86_64'
build_os='darwin16.5.0'
build_vendor='apple'
datadir='${datarootdir}'
datarootdir='${prefix}/share'
docdir='${datarootdir}/doc/${PACKAGE_TARNAME}'
dvidir='${docdir}'
exec_prefix='${prefix}'
host='x86_64-apple-darwin16.5.0'
host_alias=''
host_cpu='x86_64'
host_os='darwin16.5.0'
host_vendor='apple'
htmldir='${docdir}'
includedir='${prefix}/include'
infodir='${datarootdir}/info'
install_sh='${SHELL} /Users/liulei/Dropbox/L.L./4Programming/PaperRelated/2-machine-flow-shop-VaR/bobpp_lib/install-sh'
libdir='${exec_prefix}/lib'
libexecdir='${exec_prefix}/libexec'
localedir='${datarootdir}/locale'
localstatedir='${prefix}/var'
mandir='${datarootdir}/man'
mkdir_p='$(top_builddir)/./install-sh -c -d'
oldincludedir='/usr/include'
pdfdir='${docdir}'
prefix='/usr/local'
program_transform_name='s,x,x,'
psdir='${docdir}'
sbindir='${exec_prefix}/sbin'
sharedstatedir='${prefix}/com'
sysconfdir='${prefix}/etc'
target_alias=''

## ----------- ##
## confdefs.h. ##
## ----------- ##

/* confdefs.h */
#define PACKAGE_NAME "bobpp"
#define PACKAGE_TARNAME "bobpp"
#define PACKAGE_VERSION "0.3.0"
#define PACKAGE_STRING "bobpp 0.3.0"
#define PACKAGE_BUGREPORT "Bertrand.Lecun@prism.uvsq.fr"
#define PACKAGE_URL ""
#define STDC_HEADERS 1
#define HAVE_SYS_TYPES_H 1
#define HAVE_SYS_STAT_H 1
#define HAVE_STDLIB_H 1
#define HAVE_STRING_H 1
#define HAVE_MEMORY_H 1
#define HAVE_STRINGS_H 1
#define HAVE_INTTYPES_H 1
#define HAVE_STDINT_H 1
#define HAVE_UNISTD_H 1
#define HAVE_DLFCN_H 1
#define LT_OBJDIR ".libs/"
#define HAVE_LIBPTHREAD 1
#define STDC_HEADERS 1
#define HAVE_STDLIB_H 1
#define HAVE_SYS_TIME_H 1
#define TIME_WITH_SYS_TIME 1
#define RETSIGTYPE void
#define HAVE_GETTIMEOFDAY 1
#define HAVE_SOCKET 1
#define HAVE_MPI 1

configure: exit 0
